Archive Project report for exh_pipe_vhdl
Tue May 17 20:20:25 2016
Quartus II 64-Bit Version 15.0.0 Build 145 04/22/2015 Patches 0.01we SJ Web Edition


---------------------
; Table of Contents ;
---------------------
  1. Legal Notice
  2. Archive Project Summary
  3. Archive Project Messages
  4. Files Archived



----------------
; Legal Notice ;
----------------
Copyright (C) 1991-2015 Altera Corporation. All rights reserved.
Your use of Altera Corporation's design tools, logic functions 
and other software and tools, and its AMPP partner logic 
functions, and any output files from any of the foregoing 
(including device programming or simulation files), and any 
associated documentation or information are expressly subject 
to the terms and conditions of the Altera Program License 
Subscription Agreement, the Altera Quartus II License Agreement,
the Altera MegaCore Function License Agreement, or other 
applicable license agreement, including, without limitation, 
that your use is for the sole purpose of programming logic 
devices manufactured by Altera and sold by Altera or its 
authorized distributors.  Please refer to the applicable 
agreement for further details.



+----------------------------------------------------------------+
; Archive Project Summary                                        ;
+------------------------+---------------------------------------+
; Archive Project Status ; Successful - Tue May 17 20:20:25 2016 ;
; Revision Name          ; exh_pipe_vhdl                         ;
; Top-level Entity Name  ; exh_mul12_emu_vhdl                    ;
; Family                 ; Cyclone IV E                          ;
+------------------------+---------------------------------------+


+--------------------------+
; Archive Project Messages ;
+--------------------------+
Info: File Set 'Source control' contains:
    Info: Project source and settings files
    Info: Automatically detected source files
Info: Archive will store files relative to the closest common parent directory
Info (13213): Using common directory C:/Users/evholmes/OneDrive/Documents/2nd Year 2nd Sem/DSII/exh_pipe_vhdl/
Info: ----------------------------------------------------------
Info: ----------------------------------------------------------
Info: Generated archive 'C:/Users/evholmes/OneDrive/Documents/2nd Year 2nd Sem/DSII/exh_pipe_vhdl/exh_pipe_vhdl.qar'
Info: ----------------------------------------------------------
Info: ----------------------------------------------------------
Info: Generated report 'exh_pipe_vhdl.archive.rpt'
Info (23030): Evaluation of Tcl script e:/quartus/quartus/common/tcl/apps/qpm/qar.tcl was successful
Info: Quartus II 64-Bit Shell was successful. 0 errors, 0 warnings
    Info: Peak virtual memory: 544 megabytes
    Info: Processing ended: Tue May 17 20:20:25 2016
    Info: Elapsed time: 00:00:01
    Info: Total CPU time (on all processors): 00:00:01


+---------------------------------------+
; Files Archived                        ;
+---------------------------------------+
; File Name                             ;
+---------------------------------------+
; exh_4bADD.vhd                         ;
; exh_4bAND.vhd                         ;
; exh_alu_vhdl.vhd                      ;
; exh_inpipe_vhdl.vhd                   ;
; exh_mul12_emu_vhdl.vhd                ;
; exh_pipe_vhdl.qpf                     ;
; exh_pipe_vhdl.qsf                     ;
; exh_pipe_vhdl.vhd                     ;
; exh_pipe_vhdl_assignment_defaults.qdf ;
; exh_pipe_vhdl_tb.vhd                  ;
; exh_reg_vhdl.vhd                      ;
; SDC1.sdc                              ;
+---------------------------------------+


