EDA Netlist Writer report for exh_pipe_vhdl
Tue May 17 20:11:37 2016
Quartus II 64-Bit Version 15.0.0 Build 145 04/22/2015 Patches 0.01we SJ Web Edition


---------------------
; Table of Contents ;
---------------------
  1. Legal Notice
  2. EDA Netlist Writer Summary
  3. Simulation Settings
  4. Simulation Generated Files
  5. EDA Netlist Writer Messages



----------------
; Legal Notice ;
----------------
Copyright (C) 1991-2015 Altera Corporation. All rights reserved.
Your use of Altera Corporation's design tools, logic functions 
and other software and tools, and its AMPP partner logic 
functions, and any output files from any of the foregoing 
(including device programming or simulation files), and any 
associated documentation or information are expressly subject 
to the terms and conditions of the Altera Program License 
Subscription Agreement, the Altera Quartus II License Agreement,
the Altera MegaCore Function License Agreement, or other 
applicable license agreement, including, without limitation, 
that your use is for the sole purpose of programming logic 
devices manufactured by Altera and sold by Altera or its 
authorized distributors.  Please refer to the applicable 
agreement for further details.



+-------------------------------------------------------------------+
; EDA Netlist Writer Summary                                        ;
+---------------------------+---------------------------------------+
; EDA Netlist Writer Status ; Successful - Tue May 17 20:11:37 2016 ;
; Revision Name             ; exh_pipe_vhdl                         ;
; Top-level Entity Name     ; exh_mul12_emu_vhdl                    ;
; Family                    ; Cyclone IV E                          ;
; Simulation Files Creation ; Successful                            ;
+---------------------------+---------------------------------------+


+----------------------------------------------------------------------------------------------------------------------------+
; Simulation Settings                                                                                                        ;
+---------------------------------------------------------------------------------------------------+------------------------+
; Option                                                                                            ; Setting                ;
+---------------------------------------------------------------------------------------------------+------------------------+
; Tool Name                                                                                         ; ModelSim-Altera (VHDL) ;
; Generate netlist for functional simulation only                                                   ; Off                    ;
; Time scale                                                                                        ; 1 ps                   ;
; Truncate long hierarchy paths                                                                     ; Off                    ;
; Map illegal HDL characters                                                                        ; Off                    ;
; Flatten buses into individual nodes                                                               ; Off                    ;
; Maintain hierarchy                                                                                ; Off                    ;
; Bring out device-wide set/reset signals as ports                                                  ; Off                    ;
; Enable glitch filtering                                                                           ; Off                    ;
; Do not write top level VHDL entity                                                                ; Off                    ;
; Disable detection of setup and hold time violations in the input registers of bi-directional pins ; Off                    ;
; Architecture name in VHDL output netlist                                                          ; structure              ;
; Generate third-party EDA tool command script for RTL functional simulation                        ; Off                    ;
; Generate third-party EDA tool command script for gate-level simulation                            ; Off                    ;
+---------------------------------------------------------------------------------------------------+------------------------+


+---------------------------------------------------------------------------------------------------------------------------------------+
; Simulation Generated Files                                                                                                            ;
+---------------------------------------------------------------------------------------------------------------------------------------+
; Generated Files                                                                                                                       ;
+---------------------------------------------------------------------------------------------------------------------------------------+
; C:/Users/evholmes/OneDrive/Documents/2nd Year 2nd Sem/DSII/exh_pipe_vhdl/simulation/modelsim/exh_pipe_vhdl_6_1200mv_85c_slow.vho      ;
; C:/Users/evholmes/OneDrive/Documents/2nd Year 2nd Sem/DSII/exh_pipe_vhdl/simulation/modelsim/exh_pipe_vhdl_6_1200mv_0c_slow.vho       ;
; C:/Users/evholmes/OneDrive/Documents/2nd Year 2nd Sem/DSII/exh_pipe_vhdl/simulation/modelsim/exh_pipe_vhdl_min_1200mv_0c_fast.vho     ;
; C:/Users/evholmes/OneDrive/Documents/2nd Year 2nd Sem/DSII/exh_pipe_vhdl/simulation/modelsim/exh_pipe_vhdl.vho                        ;
; C:/Users/evholmes/OneDrive/Documents/2nd Year 2nd Sem/DSII/exh_pipe_vhdl/simulation/modelsim/exh_pipe_vhdl_6_1200mv_85c_vhd_slow.sdo  ;
; C:/Users/evholmes/OneDrive/Documents/2nd Year 2nd Sem/DSII/exh_pipe_vhdl/simulation/modelsim/exh_pipe_vhdl_6_1200mv_0c_vhd_slow.sdo   ;
; C:/Users/evholmes/OneDrive/Documents/2nd Year 2nd Sem/DSII/exh_pipe_vhdl/simulation/modelsim/exh_pipe_vhdl_min_1200mv_0c_vhd_fast.sdo ;
; C:/Users/evholmes/OneDrive/Documents/2nd Year 2nd Sem/DSII/exh_pipe_vhdl/simulation/modelsim/exh_pipe_vhdl_vhd.sdo                    ;
+---------------------------------------------------------------------------------------------------------------------------------------+


+-----------------------------+
; EDA Netlist Writer Messages ;
+-----------------------------+
Info: *******************************************************************
Info: Running Quartus II 64-Bit EDA Netlist Writer
    Info: Version 15.0.0 Build 145 04/22/2015 Patches 0.01we SJ Web Edition
    Info: Processing started: Tue May 17 20:11:37 2016
Info: Command: quartus_eda --read_settings_files=off --write_settings_files=off exh_pipe_vhdl -c exh_pipe_vhdl
Info (204019): Generated file exh_pipe_vhdl_6_1200mv_85c_slow.vho in folder "C:/Users/evholmes/OneDrive/Documents/2nd Year 2nd Sem/DSII/exh_pipe_vhdl/simulation/modelsim/" for EDA simulation tool
Info (204019): Generated file exh_pipe_vhdl_6_1200mv_0c_slow.vho in folder "C:/Users/evholmes/OneDrive/Documents/2nd Year 2nd Sem/DSII/exh_pipe_vhdl/simulation/modelsim/" for EDA simulation tool
Info (204019): Generated file exh_pipe_vhdl_min_1200mv_0c_fast.vho in folder "C:/Users/evholmes/OneDrive/Documents/2nd Year 2nd Sem/DSII/exh_pipe_vhdl/simulation/modelsim/" for EDA simulation tool
Info (204019): Generated file exh_pipe_vhdl.vho in folder "C:/Users/evholmes/OneDrive/Documents/2nd Year 2nd Sem/DSII/exh_pipe_vhdl/simulation/modelsim/" for EDA simulation tool
Info (204019): Generated file exh_pipe_vhdl_6_1200mv_85c_vhd_slow.sdo in folder "C:/Users/evholmes/OneDrive/Documents/2nd Year 2nd Sem/DSII/exh_pipe_vhdl/simulation/modelsim/" for EDA simulation tool
Info (204019): Generated file exh_pipe_vhdl_6_1200mv_0c_vhd_slow.sdo in folder "C:/Users/evholmes/OneDrive/Documents/2nd Year 2nd Sem/DSII/exh_pipe_vhdl/simulation/modelsim/" for EDA simulation tool
Info (204019): Generated file exh_pipe_vhdl_min_1200mv_0c_vhd_fast.sdo in folder "C:/Users/evholmes/OneDrive/Documents/2nd Year 2nd Sem/DSII/exh_pipe_vhdl/simulation/modelsim/" for EDA simulation tool
Info (204019): Generated file exh_pipe_vhdl_vhd.sdo in folder "C:/Users/evholmes/OneDrive/Documents/2nd Year 2nd Sem/DSII/exh_pipe_vhdl/simulation/modelsim/" for EDA simulation tool
Info: Quartus II 64-Bit EDA Netlist Writer was successful. 0 errors, 0 warnings
    Info: Peak virtual memory: 608 megabytes
    Info: Processing ended: Tue May 17 20:11:37 2016
    Info: Elapsed time: 00:00:00
    Info: Total CPU time (on all processors): 00:00:01


